2017/12/19 18:41:53 [TRACE] Log Mode: File (Trace)
2017/12/19 18:41:53 [ INFO] DEVNET-2203 - NetDevOps CICD 0.9.141.0211
2017/12/19 18:41:53 [ INFO] Cache Service Enabled
2017/12/19 18:41:53 [ INFO] Session Service Enabled
2017/12/19 18:41:53 [ INFO] Git Version: 2.6.6
2017/12/19 18:41:53 [ INFO] Git config user.name set to Gogs
2017/12/19 18:41:53 [ INFO] Git config user.email set to gogs@fake.local
2017/12/19 18:41:53 [ INFO] SQLite3 Supported
2017/12/19 18:41:53 [ INFO] Run Mode: Production
2017/12/19 18:41:53 [TRACE] Doing: CheckRepoStats
2017/12/19 18:41:53 [ INFO] First-time run install finished!
2017/12/19 18:41:54 [TRACE] Session ID: 1d1a06ee92ae25e3
2017/12/19 18:41:54 [TRACE] CSRF Token: 6TimN1nE4883FKwqkxpRDKlbd6E6MTUxMzcwODkxNDE1NDUyMTI1MA==
2017/12/19 18:41:54 [TRACE] Session ID: 1d1a06ee92ae25e3
2017/12/19 18:41:54 [TRACE] CSRF Token: 6TimN1nE4883FKwqkxpRDKlbd6E6MTUxMzcwODkxNDE1NDUyMTI1MA==
2017/12/19 18:41:54 [TRACE] Template: user/dashboard/dashboard
2017/12/19 18:42:15 [TRACE] Session ID: 1d1a06ee92ae25e3
2017/12/19 18:42:15 [TRACE] CSRF Token: 6TimN1nE4883FKwqkxpRDKlbd6E6MTUxMzcwODkxNDE1NDUyMTI1MA==
2017/12/19 18:42:15 [TRACE] Template: repo/create
2017/12/19 18:42:25 [TRACE] Session ID: 1d1a06ee92ae25e3
2017/12/19 18:42:25 [TRACE] CSRF Token: 6TimN1nE4883FKwqkxpRDKlbd6E6MTUxMzcwODkxNDE1NDUyMTI1MA==
2017/12/19 18:42:25 [TRACE] action.newRepoAction: netdevopsadmin/sample
2017/12/19 18:42:25 [TRACE] Repository created [1]: netdevopsadmin/sample
2017/12/19 18:42:25 [TRACE] Session ID: 1d1a06ee92ae25e3
2017/12/19 18:42:25 [TRACE] CSRF Token: 6TimN1nE4883FKwqkxpRDKlbd6E6MTUxMzcwODkxNDE1NDUyMTI1MA==
2017/12/19 18:42:25 [TRACE] Template: repo/home
2017/12/19 18:42:36 [TRACE] Session ID: 2a852799546ae807
2017/12/19 18:42:36 [TRACE] CSRF Token: uFaucLkZYZ_icL_I_oDTWOOvfTA6MTUxMzcwODk1NjM1NDQyMzYwNQ==
2017/12/19 18:42:36 [TRACE] Session ID: 392379046ff35f08
2017/12/19 18:42:36 [TRACE] CSRF Token: jTCLW9EMk1NYyHHCYKIidum41Qo6MTUxMzcwODk1NjQxNzQ1MzU2Nw==
2017/12/19 18:42:36 [TRACE] Session ID: 17a8ddc3fb3f947c
2017/12/19 18:42:36 [TRACE] CSRF Token: 0sOa3WsYBrnvm44bmHIONDbQgEg6MTUxMzcwODk1NjQ4NjcwMDE3Nw==
2017/12/19 18:42:37 [TRACE] Session ID: d2873e38a78f40f0
2017/12/19 18:42:37 [TRACE] CSRF Token: EHBBCGG01VgyNoCZnu-7wOiYvd06MTUxMzcwODk1NzA1MzM3MDU0MA==
2017/12/19 18:42:51 [TRACE] Session ID: 1d1a06ee92ae25e3
2017/12/19 18:42:51 [TRACE] CSRF Token: 6TimN1nE4883FKwqkxpRDKlbd6E6MTUxMzcwODkxNDE1NDUyMTI1MA==
2017/12/19 18:42:52 [TRACE] Session ID: 1d1a06ee92ae25e3
2017/12/19 18:42:52 [TRACE] CSRF Token: 3nGGY71iDG_5FzC_HftFlzsf5dU6MTUxMzcwODk3MjA4NTA2MjMwNw==
2017/12/19 18:42:52 [TRACE] Template: home
2017/12/19 18:42:55 [TRACE] Session ID: 1d1a06ee92ae25e3
2017/12/19 18:42:55 [TRACE] CSRF Token: 3nGGY71iDG_5FzC_HftFlzsf5dU6MTUxMzcwODk3MjA4NTA2MjMwNw==
2017/12/19 18:42:55 [TRACE] Template: user/auth/signup
2017/12/19 18:43:18 [TRACE] Session ID: 1d1a06ee92ae25e3
2017/12/19 18:43:18 [TRACE] CSRF Token: 3nGGY71iDG_5FzC_HftFlzsf5dU6MTUxMzcwODk3MjA4NTA2MjMwNw==
2017/12/19 18:43:18 [TRACE] Template: user/auth/signup
2017/12/19 18:43:24 [TRACE] Session ID: 1d1a06ee92ae25e3
2017/12/19 18:43:24 [TRACE] CSRF Token: 3nGGY71iDG_5FzC_HftFlzsf5dU6MTUxMzcwODk3MjA4NTA2MjMwNw==
2017/12/19 18:43:24 [TRACE] Template: user/auth/signin
2017/12/19 18:43:29 [TRACE] Session ID: 1d1a06ee92ae25e3
2017/12/19 18:43:29 [TRACE] CSRF Token: 3nGGY71iDG_5FzC_HftFlzsf5dU6MTUxMzcwODk3MjA4NTA2MjMwNw==
2017/12/19 18:43:29 [TRACE] Session ID: 1d1a06ee92ae25e3
2017/12/19 18:43:29 [TRACE] CSRF Token: 2zl89lC0gARfAtiiiSCDnj3u18E6MTUxMzcwOTAwOTMwMjA1OTAwMA==
2017/12/19 18:43:29 [TRACE] Session ID: 1d1a06ee92ae25e3
2017/12/19 18:43:29 [TRACE] CSRF Token: 2zl89lC0gARfAtiiiSCDnj3u18E6MTUxMzcwOTAwOTMwMjA1OTAwMA==
2017/12/19 18:43:29 [TRACE] Template: user/dashboard/dashboard
2017/12/19 18:43:31 [TRACE] Session ID: 1d1a06ee92ae25e3
2017/12/19 18:43:31 [TRACE] CSRF Token: 2zl89lC0gARfAtiiiSCDnj3u18E6MTUxMzcwOTAwOTMwMjA1OTAwMA==
2017/12/19 18:43:31 [TRACE] Template: admin/dashboard
2017/12/19 18:43:34 [TRACE] Session ID: 1d1a06ee92ae25e3
2017/12/19 18:43:34 [TRACE] CSRF Token: 2zl89lC0gARfAtiiiSCDnj3u18E6MTUxMzcwOTAwOTMwMjA1OTAwMA==
2017/12/19 18:43:34 [TRACE] Template: admin/user/list
2017/12/19 18:43:37 [TRACE] Session ID: 1d1a06ee92ae25e3
2017/12/19 18:43:37 [TRACE] CSRF Token: 2zl89lC0gARfAtiiiSCDnj3u18E6MTUxMzcwOTAwOTMwMjA1OTAwMA==
2017/12/19 18:43:37 [TRACE] Template: admin/config
2017/12/19 18:43:46 [TRACE] Session ID: 1d1a06ee92ae25e3
2017/12/19 18:43:46 [TRACE] CSRF Token: 2zl89lC0gARfAtiiiSCDnj3u18E6MTUxMzcwOTAwOTMwMjA1OTAwMA==
2017/12/19 18:43:46 [TRACE] Template: admin/user/list
2017/12/19 18:43:48 [TRACE] Session ID: 1d1a06ee92ae25e3
2017/12/19 18:43:48 [TRACE] CSRF Token: 2zl89lC0gARfAtiiiSCDnj3u18E6MTUxMzcwOTAwOTMwMjA1OTAwMA==
2017/12/19 18:43:48 [TRACE] Template: admin/user/new
2017/12/19 18:43:57 [TRACE] Session ID: 1d1a06ee92ae25e3
2017/12/19 18:43:57 [TRACE] CSRF Token: 2zl89lC0gARfAtiiiSCDnj3u18E6MTUxMzcwOTAwOTMwMjA1OTAwMA==
2017/12/19 18:43:58 [TRACE] Account created by admin (netdevopsadmin): netdevopsuser
2017/12/19 18:43:58 [TRACE] Session ID: 1d1a06ee92ae25e3
2017/12/19 18:43:58 [TRACE] CSRF Token: 2zl89lC0gARfAtiiiSCDnj3u18E6MTUxMzcwOTAwOTMwMjA1OTAwMA==
2017/12/19 18:43:58 [TRACE] Template: admin/user/edit
2017/12/19 18:44:12 [TRACE] Session ID: 1d1a06ee92ae25e3
2017/12/19 18:44:12 [TRACE] CSRF Token: 2zl89lC0gARfAtiiiSCDnj3u18E6MTUxMzcwOTAwOTMwMjA1OTAwMA==
2017/12/19 18:44:12 [TRACE] Session ID: 1d1a06ee92ae25e3
2017/12/19 18:44:12 [TRACE] CSRF Token: LIESLA5i_xZbdDdV_QoBffj7zdc6MTUxMzcwOTA1MjkwNzY2NDI1Mg==
2017/12/19 18:44:12 [TRACE] Template: home
2017/12/19 18:44:15 [TRACE] Session ID: 1d1a06ee92ae25e3
2017/12/19 18:44:15 [TRACE] CSRF Token: LIESLA5i_xZbdDdV_QoBffj7zdc6MTUxMzcwOTA1MjkwNzY2NDI1Mg==
2017/12/19 18:44:15 [TRACE] Template: user/auth/signin
2017/12/19 18:44:22 [TRACE] Session ID: 1d1a06ee92ae25e3
2017/12/19 18:44:22 [TRACE] CSRF Token: LIESLA5i_xZbdDdV_QoBffj7zdc6MTUxMzcwOTA1MjkwNzY2NDI1Mg==
2017/12/19 18:44:22 [TRACE] Session ID: 1d1a06ee92ae25e3
2017/12/19 18:44:22 [TRACE] CSRF Token: NLrxOFfr-f058XAM2IgpQm50pQA6MTUxMzcwOTA2Mjc4ODI1MTE2NQ==
2017/12/19 18:44:22 [TRACE] Template: user/dashboard/dashboard
2017/12/19 18:44:36 [TRACE] Session ID: 7cd390788dbf4edb
2017/12/19 18:44:36 [TRACE] CSRF Token: sTt3dtAMISypnBdIq18jGBntAHo6MTUxMzcwOTA3NjgyNDkyMDk1Nw==
2017/12/19 18:44:36 [TRACE] Session ID: 4b3471c4f487f8bc
2017/12/19 18:44:36 [TRACE] CSRF Token: oUxakOTEO_iIvZTF3G2DQ2nWpco6MTUxMzcwOTA3Njg4NDE1NDAwMQ==
2017/12/19 18:44:36 [TRACE] Session ID: 677a309484acd04a
2017/12/19 18:44:36 [TRACE] CSRF Token: VuznBpQtQ5X91ljKHA26AjXQYhc6MTUxMzcwOTA3Njk0OTI5MzgyMA==
2017/12/19 18:44:37 [TRACE] Session ID: f38caeedfcd480d9
2017/12/19 18:44:37 [TRACE] CSRF Token: KdbBad7uNu3NhnMrnS76AngVQy06MTUxMzcwOTA3NzM0ODU2NjYyNQ==
